Line 21: Class OsenXPCntrl.OsenXPButton of control cmdView was not a loaded control class.
Line 102: Class OsenXPCntrl.OsenXPButton of control cmdPrint was not a loaded control class.
Line 141: Class OsenXPCntrl.OsenXPButton of control cmdClose was not a loaded control class.
Line 27: The property name _ExtentX in cmdView is invalid.
Line 28: The property name _ExtentY in cmdView is invalid.
Line 29: The property name BTYPE in cmdView is invalid.
Line 30: The property name TX in cmdView is invalid.
Line 31: The property name ENAB in cmdView is invalid.
Line 41: The property name COLTYPE in cmdView is invalid.
Line 42: The property name FOCUSR in cmdView is invalid.
Line 43: The property name BCOL in cmdView is invalid.
Line 44: The property name BCOLO in cmdView is invalid.
Line 45: The property name FCOL in cmdView is invalid.
Line 46: The property name FCOLO in cmdView is invalid.
Line 47: The property name MCOL in cmdView is invalid.
Line 48: The property name MPTR in cmdView is invalid.
Line 49: The property name MICON in cmdView is invalid.
Line 50: The property name PICN in cmdView is invalid.
Line 51: The property name UMCOL in cmdView is invalid.
Line 52: The property name SOFT in cmdView is invalid.
Line 53: The property name PICPOS in cmdView is invalid.
Line 54: The property name NGREY in cmdView is invalid.
Line 55: The property name FX in cmdView is invalid.
Line 56: The property name HAND in cmdView is invalid.
Line 57: The property name CHECK in cmdView is invalid.
Line 58: The property name VALUE in cmdView is invalid.
Line 108: The property name _ExtentX in cmdPrint is invalid.
Line 109: The property name _ExtentY in cmdPrint is invalid.
Line 110: The property name BTYPE in cmdPrint is invalid.
Line 111: The property name TX in cmdPrint is invalid.
Line 112: The property name ENAB in cmdPrint is invalid.
Line 122: The property name COLTYPE in cmdPrint is invalid.
Line 123: The property name FOCUSR in cmdPrint is invalid.
Line 124: The property name BCOL in cmdPrint is invalid.
Line 125: The property name BCOLO in cmdPrint is invalid.
Line 126: The property name FCOL in cmdPrint is invalid.
Line 127: The property name FCOLO in cmdPrint is invalid.
Line 128: The property name MCOL in cmdPrint is invalid.
Line 129: The property name MPTR in cmdPrint is invalid.
Line 130: The property name MICON in cmdPrint is invalid.
Line 131: The property name PICN in cmdPrint is invalid.
Line 132: The property name UMCOL in cmdPrint is invalid.
Line 133: The property name SOFT in cmdPrint is invalid.
Line 134: The property name PICPOS in cmdPrint is invalid.
Line 135: The property name NGREY in cmdPrint is invalid.
Line 136: The property name FX in cmdPrint is invalid.
Line 137: The property name HAND in cmdPrint is invalid.
Line 138: The property name CHECK in cmdPrint is invalid.
Line 139: The property name VALUE in cmdPrint is invalid.
Line 147: The property name _ExtentX in cmdClose is invalid.
Line 148: The property name _ExtentY in cmdClose is invalid.
Line 149: The property name BTYPE in cmdClose is invalid.
Line 150: The property name TX in cmdClose is invalid.
Line 151: The property name ENAB in cmdClose is invalid.
Line 161: The property name COLTYPE in cmdClose is invalid.
Line 162: The property name FOCUSR in cmdClose is invalid.
Line 163: The property name BCOL in cmdClose is invalid.
Line 164: The property name BCOLO in cmdClose is invalid.
Line 165: The property name FCOL in cmdClose is invalid.
Line 166: The property name FCOLO in cmdClose is invalid.
Line 167: The property name MCOL in cmdClose is invalid.
Line 168: The property name MPTR in cmdClose is invalid.
Line 169: The property name MICON in cmdClose is invalid.
Line 170: The property name PICN in cmdClose is invalid.
Line 171: The property name UMCOL in cmdClose is invalid.
Line 172: The property name SOFT in cmdClose is invalid.
Line 173: The property name PICPOS in cmdClose is invalid.
Line 174: The property name NGREY in cmdClose is invalid.
Line 175: The property name FX in cmdClose is invalid.
Line 176: The property name HAND in cmdClose is invalid.
Line 177: The property name CHECK in cmdClose is invalid.
Line 178: The property name VALUE in cmdClose is invalid.
